\BOOKMARK [0][-]{chapter.1}{\376\377\000P\000r\000e\000l\000i\000m\000i\000n\000a\000r\000i\000e\000s}{}% 1
\BOOKMARK [1][-]{section.1.1}{\376\377\000L\000i\000n\000e\000a\000r\000\040\000A\000l\000g\000e\000b\000r\000a\000\040\000a\000n\000d\000\040\000O\000p\000e\000r\000a\000t\000o\000r\000s}{chapter.1}% 2
\BOOKMARK [2][-]{subsection.1.1.1}{\376\377\000M\000a\000t\000r\000i\000x\000\040\000F\000u\000n\000c\000t\000i\000o\000n\000s}{section.1.1}% 3
\BOOKMARK [1][-]{section.1.2}{\376\377\000Q\000u\000a\000n\000t\000u\000m\000\040\000T\000h\000e\000o\000r\000y}{chapter.1}% 4
\BOOKMARK [2][-]{subsection.1.2.1}{\376\377\000T\000h\000e\000\040\000d\000e\000n\000s\000i\000t\000y\000\040\000m\000a\000t\000r\000i\000x}{section.1.2}% 5
\BOOKMARK [2][-]{subsection.1.2.2}{\376\377\000R\000e\000d\000u\000c\000e\000d\000\040\000d\000e\000n\000s\000i\000t\000y\000\040\000m\000a\000t\000r\000i\000x\000\040\000a\000n\000d\000\040\000P\000a\000r\000t\000i\000a\000l\000\040\000T\000r\000a\000c\000e\000s}{section.1.2}% 6
\BOOKMARK [2][-]{subsection.1.2.3}{\376\377\000E\000n\000t\000a\000n\000g\000l\000e\000m\000e\000n\000t}{section.1.2}% 7
\BOOKMARK [0][-]{chapter.2}{\376\377\000E\000n\000t\000r\000o\000p\000i\000e\000s}{}% 8
\BOOKMARK [1][-]{section.2.1}{\376\377\000v\000o\000n\000\040\000N\000e\000u\000m\000a\000n\000n\000\040\000E\000n\000t\000r\000o\000p\000y}{chapter.2}% 9
\BOOKMARK [1][-]{section.2.2}{\376\377\000R\000e\000n\000y\000i\000\040\000E\000n\000t\000r\000o\000p\000y}{chapter.2}% 10
\BOOKMARK [1][-]{section.2.3}{\376\377\000T\000s\000a\000l\000l\000i\000s\000\040\000e\000n\000t\000r\000o\000p\000y}{chapter.2}% 11
\BOOKMARK [1][-]{section.2.4}{\376\377\000Q\000u\000a\000n\000t\000u\000m\000\040\000C\000o\000n\000d\000i\000t\000i\000o\000n\000a\000l\000\040\000E\000n\000t\000r\000o\000p\000y}{chapter.2}% 12
\BOOKMARK [2][-]{subsection.2.4.1}{\376\377\000E\000x\000t\000r\000a\000\040\000c\000o\000n\000d\000i\000t\000i\000o\000n\000a\000l\000\040\000e\000n\000t\000r\000o\000p\000i\000e\000s}{section.2.4}% 13
\BOOKMARK [1][-]{section.2.5}{\376\377\000R\000e\000l\000a\000t\000i\000v\000e\000\040\000E\000n\000t\000r\000o\000p\000y}{chapter.2}% 14
\BOOKMARK [1][-]{section.2.6}{\376\377\000U\000n\000i\000f\000i\000e\000d\000\040\000d\000i\000s\000c\000r\000i\000p\000t\000i\000o\000n\000s}{chapter.2}% 15
\BOOKMARK [2][-]{subsection.2.6.1}{\376\377\000H\000e\000u\000r\000i\000s\000t\000i\000c\000\040\000f\000o\000r\000m\000s}{section.2.6}% 16
\BOOKMARK [2][-]{subsection.2.6.2}{\376\377\000F\000r\000o\000m\000\040\000q\000u\000a\000n\000t\000u\000m\000\040\000t\000o\000\040\000c\000l\000a\000s\000s\000i\000c\000a\000l}{section.2.6}% 17
\BOOKMARK [0][-]{chapter.3}{\376\377\000C\000a\000l\000c\000u\000l\000a\000t\000i\000o\000n\000s}{}% 18
\BOOKMARK [1][-]{section.3.1}{\376\377\000C\000a\000l\000c\000u\000l\000a\000t\000i\000o\000n\000\040\000v\000o\000n\000\040\000N\000e\000u\000m\000a\000n\000n}{chapter.3}% 19
\BOOKMARK [1][-]{section.3.2}{\376\377\000C\000a\000l\000c\000u\000l\000a\000t\000i\000o\000n\000\040\000o\000f\000\040\000R\000e\000n\000y\000i\000\040\000e\000n\000t\000r\000o\000p\000y}{chapter.3}% 20
\BOOKMARK [1][-]{section.3.3}{\376\377\000C\000a\000l\000c\000u\000l\000a\000t\000i\000o\000n\000\040\000o\000f\000\040\000T\000s\000a\000l\000l\000i\000s\000\040\000E\000n\000t\000r\000o\000p\000y}{chapter.3}% 21
\BOOKMARK [1][-]{section.3.4}{\376\377\000C\000o\000n\000d\000i\000t\000i\000o\000n\000a\000l\000\040\000e\000n\000t\000r\000o\000p\000y\000\040\000c\000a\000l\000c\000u\000l\000a\000t\000i\000o\000n}{chapter.3}% 22
\BOOKMARK [1][-]{section.3.5}{\376\377\000W\000e\000r\000n\000e\000r\000\040\000S\000t\000a\000t\000e\000\040\000a\000n\000d\000\040\000C\000o\000n\000d\000i\000t\000i\000o\000n\000a\000l\000\040\000E\000n\000t\000r\000o\000p\000i\000e\000s}{chapter.3}% 23
\BOOKMARK [2][-]{subsection.3.5.1}{\376\377\000v\000o\000n\000\040\000N\000e\000u\000m\000a\000n\000n\000\040\000c\000a\000s\000e}{section.3.5}% 24
\BOOKMARK [2][-]{subsection.3.5.2}{\376\377\000T\000s\000a\000l\000l\000i\000s\000\040\000c\000a\000s\000e}{section.3.5}% 25
\BOOKMARK [2][-]{subsection.3.5.3}{\376\377\000R\000e\000n\000y\000i\000\040\000C\000a\000s\000e}{section.3.5}% 26
\BOOKMARK [1][-]{section.3.6}{\376\377\000C\000a\000l\000c\000u\000l\000a\000t\000i\000o\000n\000\040\000o\000f\000\040\000R\000e\000l\000a\000t\000i\000v\000e\000\040\000E\000n\000t\000r\000o\000p\000y}{chapter.3}% 27
\BOOKMARK [2][-]{subsection.3.6.1}{\376\377\000P\000u\000r\000e\000-\000P\000u\000r\000e}{section.3.6}% 28
\BOOKMARK [2][-]{subsection.3.6.2}{\376\377\000M\000i\000x\000e\000d\000-\000M\000i\000x\000e\000d}{section.3.6}% 29
\BOOKMARK [2][-]{subsection.3.6.3}{\376\377\000M\000i\000x\000e\000d\000-\000P\000u\000r\000e}{section.3.6}% 30
\BOOKMARK [0][-]{chapter.4}{\376\377\000C\000o\000n\000c\000l\000u\000s\000i\000o\000n\000s\000\040\000a\000n\000d\000\040\000f\000u\000r\000t\000h\000e\000r\000\040\000w\000o\000r\000k}{}% 31
\BOOKMARK [0][-]{appendix.A}{\376\377\000M\000a\000t\000h\000e\000m\000a\000t\000i\000c\000a\000\040\000C\000o\000d\000e}{}% 32
\BOOKMARK [1][-]{section.A.1}{\376\377\000B\000a\000s\000i\000c\000s}{appendix.A}% 33
\BOOKMARK [1][-]{section.A.2}{\376\377\000v\000o\000n\000\040\000N\000e\000u\000m\000a\000n\000n\000\040\000I}{appendix.A}% 34
\BOOKMARK [1][-]{section.A.3}{\376\377\000v\000o\000n\000\040\000N\000e\000u\000m\000a\000n\000n\000\040\000I\000I}{appendix.A}% 35
\BOOKMARK [1][-]{section.A.4}{\376\377\000R\000e\000n\000y\000i\000\040\000I}{appendix.A}% 36
\BOOKMARK [1][-]{section.A.5}{\376\377\000R\000e\000n\000y\000i\000\040\000I\000I}{appendix.A}% 37
\BOOKMARK [1][-]{section.A.6}{\376\377\000T\000s\000a\000l\000l\000i\000s\000\040\000I}{appendix.A}% 38
\BOOKMARK [1][-]{section.A.7}{\376\377\000T\000s\000a\000l\000l\000i\000s\000\040\000I\000I}{appendix.A}% 39
\BOOKMARK [1][-]{section.A.8}{\376\377\000C\000o\000n\000d\000i\000t\000i\000o\000n\000a\000l}{appendix.A}% 40
\BOOKMARK [1][-]{section.A.9}{\376\377\000W\000e\000r\000n\000e\000r\000\040\000v\000o\000n\000\040\000N\000e\000u\000m\000a\000n\000n}{appendix.A}% 41
\BOOKMARK [1][-]{section.A.10}{\376\377\000W\000e\000r\000n\000e\000r\000\040\000T\000s\000a\000l\000l\000i\000s}{appendix.A}% 42
\BOOKMARK [1][-]{section.A.11}{\376\377\000W\000e\000r\000n\000e\000r\000\040\000R\000e\000n\000y\000i}{appendix.A}% 43
\BOOKMARK [1][-]{section.A.12}{\376\377\000R\000e\000l\000a\000t\000i\000v\000e\000\040\000I}{appendix.A}% 44
\BOOKMARK [1][-]{section.A.13}{\376\377\000R\000e\000l\000a\000t\000i\000v\000e\000\040\000I\000I}{appendix.A}% 45
\BOOKMARK [1][-]{section.A.14}{\376\377\000R\000e\000l\000a\000t\000i\000v\000e\000\040\000I\000I\000I}{appendix.A}% 46
